<?xml version="1.0" encoding="UTF-8"?>
<!-- Generated by org.testng.reporters.JUnitReportReporter -->
<testsuite hostname="Dans-MacBook-Pro.local" name="com.yahoo.ycsb.generator.AcknowledgedCounterGeneratorTest" tests="1" failures="0" timestamp="26 May 2019 03:55:24 GMT" time="0.540" errors="0">
  <testcase name="testIncrementPastIntegerMaxValue" time="0.540" classname="com.yahoo.ycsb.generator.AcknowledgedCounterGeneratorTest"/>
</testsuite>
