<?xml version="1.0" encoding="UTF-8"?>
<!-- Generated by org.testng.reporters.JUnitReportReporter -->
<testsuite hostname="Dans-MacBook-Pro.local" name="com.yahoo.ycsb.TestUtils" tests="6" failures="0" timestamp="26 May 2019 03:55:24 GMT" time="0.012" errors="0">
  <testcase name="bytesToLongNull" time="0.000" classname="com.yahoo.ycsb.TestUtils"/>
  <testcase name="bytesToLongTooShort" time="0.000" classname="com.yahoo.ycsb.TestUtils"/>
  <testcase name="bytesToFromLong" time="0.000" classname="com.yahoo.ycsb.TestUtils"/>
  <testcase name="bytesToFromDouble" time="0.001" classname="com.yahoo.ycsb.TestUtils"/>
  <testcase name="bytesToDoubleTooShort" time="0.000" classname="com.yahoo.ycsb.TestUtils"/>
  <testcase name="jvmUtils" time="0.011" classname="com.yahoo.ycsb.TestUtils"/>
</testsuite>
