<?xml version="1.0" encoding="UTF-8"?>
<!-- Generated by org.testng.reporters.JUnitReportReporter -->
<testsuite hostname="Dans-MacBook-Pro.local" name="com.yahoo.ycsb.TestUtils" tests="6" failures="0" timestamp="6 Jun 2019 05:32:47 GMT" time="0.009" errors="0">
  <testcase name="bytesToLongNull" time="0.000" classname="com.yahoo.ycsb.TestUtils"/>
  <testcase name="bytesToLongTooShort" time="0.000" classname="com.yahoo.ycsb.TestUtils"/>
  <testcase name="bytesToFromLong" time="0.000" classname="com.yahoo.ycsb.TestUtils"/>
  <testcase name="bytesToFromDouble" time="0.001" classname="com.yahoo.ycsb.TestUtils"/>
  <testcase name="bytesToDoubleTooShort" time="0.000" classname="com.yahoo.ycsb.TestUtils"/>
  <testcase name="jvmUtils" time="0.008" classname="com.yahoo.ycsb.TestUtils"/>
</testsuite>
