<?xml version="1.0" encoding="UTF-8"?>
<!-- Generated by org.testng.reporters.JUnitReportReporter -->
<testsuite hostname="Dans-MacBook-Pro.local" name="com.yahoo.ycsb.generator.TestRandomDiscreteTimestampGenerator" tests="3" failures="0" timestamp="29 May 2019 04:56:06 GMT" time="0.039" errors="0">
  <testcase name="systemTime" time="0.003" classname="com.yahoo.ycsb.generator.TestRandomDiscreteTimestampGenerator"/>
  <testcase name="withStartTime" time="0.000" classname="com.yahoo.ycsb.generator.TestRandomDiscreteTimestampGenerator"/>
  <testcase name="tooLarge" time="0.036" classname="com.yahoo.ycsb.generator.TestRandomDiscreteTimestampGenerator"/>
</testsuite>
