<?xml version="1.0" encoding="UTF-8"?>
<!-- Generated by org.testng.reporters.JUnitReportReporter -->
<testsuite hostname="Dans-MacBook-Pro.local" name="com.yahoo.ycsb.TestNumericByteIterator" tests="2" failures="0" timestamp="26 May 2019 03:55:24 GMT" time="0.004" errors="0">
  <testcase name="testLong" time="0.001" classname="com.yahoo.ycsb.TestNumericByteIterator"/>
  <testcase name="testDouble" time="0.003" classname="com.yahoo.ycsb.TestNumericByteIterator"/>
</testsuite>
