<?xml version="1.0" encoding="UTF-8"?>
<!-- Generated by org.testng.reporters.JUnitReportReporter -->
<testsuite hostname="Dans-MacBook-Pro.local" name="com.yahoo.ycsb.generator.TestUnixEpochTimestampGenerator" tests="4" failures="0" timestamp="26 May 2019 03:55:24 GMT" time="0.002" errors="0">
  <testcase name="ctorWithIntervalAndUnitsAndStart" time="0.002" classname="com.yahoo.ycsb.generator.TestUnixEpochTimestampGenerator"/>
  <testcase name="ctorWithIntervalAndUnits" time="0.000" classname="com.yahoo.ycsb.generator.TestUnixEpochTimestampGenerator"/>
  <testcase name="defaultCtor" time="0.000" classname="com.yahoo.ycsb.generator.TestUnixEpochTimestampGenerator"/>
  <testcase name="variousIntervalsAndUnits" time="0.000" classname="com.yahoo.ycsb.generator.TestUnixEpochTimestampGenerator"/>
</testsuite>
