<?xml version="1.0" encoding="UTF-8"?>
<!-- Generated by org.testng.reporters.JUnitReportReporter -->
<testsuite hostname="Dans-MacBook-Pro.local" name="com.yahoo.ycsb.generator.AcknowledgedCounterGeneratorTest" tests="1" failures="0" timestamp="29 May 2019 04:56:06 GMT" time="0.537" errors="0">
  <testcase name="testIncrementPastIntegerMaxValue" time="0.537" classname="com.yahoo.ycsb.generator.AcknowledgedCounterGeneratorTest"/>
</testsuite>
