<?xml version="1.0" encoding="UTF-8"?>
<!-- Generated by org.testng.reporters.JUnitReportReporter -->
<testsuite hostname="Dans-MacBook-Pro.local" name="com.yahoo.ycsb.generator.TestRandomDiscreteTimestampGenerator" tests="3" failures="0" timestamp="6 Jun 2019 05:32:47 GMT" time="0.042" errors="0">
  <testcase name="systemTime" time="0.002" classname="com.yahoo.ycsb.generator.TestRandomDiscreteTimestampGenerator"/>
  <testcase name="withStartTime" time="0.001" classname="com.yahoo.ycsb.generator.TestRandomDiscreteTimestampGenerator"/>
  <testcase name="tooLarge" time="0.039" classname="com.yahoo.ycsb.generator.TestRandomDiscreteTimestampGenerator"/>
</testsuite>
