<?xml version="1.0" encoding="UTF-8"?>
<!-- Generated by org.testng.reporters.JUnitReportReporter -->
<testsuite hostname="Dans-MacBook-Pro.local" name="com.yahoo.ycsb.TestByteIterator" tests="1" failures="0" timestamp="6 Jun 2019 05:32:47 GMT" time="0.014" errors="0">
  <testcase name="testRandomByteIterator" time="0.014" classname="com.yahoo.ycsb.TestByteIterator"/>
</testsuite>
