<?xml version="1.0" encoding="UTF-8"?>
<!-- Generated by org.testng.reporters.JUnitReportReporter -->
<testsuite hostname="Dans-MacBook-Pro.local" name="com.yahoo.ycsb.generator.TestZipfianGenerator" tests="1" failures="0" timestamp="6 Jun 2019 05:32:47 GMT" time="0.007" errors="0">
  <testcase name="testMinAndMaxParameter" time="0.007" classname="com.yahoo.ycsb.generator.TestZipfianGenerator"/>
</testsuite>
