<?xml version="1.0" encoding="UTF-8"?>
<!-- Generated by org.testng.reporters.JUnitReportReporter -->
<testsuite hostname="Dans-MacBook-Pro.local" name="com.yahoo.ycsb.TestStatus" tests="1" failures="0" timestamp="26 May 2019 03:55:24 GMT" time="0.003" errors="0">
  <testcase name="testAcceptableStatus" time="0.003" classname="com.yahoo.ycsb.TestStatus"/>
</testsuite>
