<?xml version="1.0" encoding="UTF-8"?>
<!-- Generated by org.testng.reporters.JUnitReportReporter -->
<testsuite hostname="Dans-MacBook-Pro.local" name="com.yahoo.ycsb.generator.TestRandomDiscreteTimestampGenerator" tests="3" failures="0" timestamp="26 May 2019 03:55:24 GMT" time="0.067" errors="0">
  <testcase name="systemTime" time="0.001" classname="com.yahoo.ycsb.generator.TestRandomDiscreteTimestampGenerator"/>
  <testcase name="withStartTime" time="0.000" classname="com.yahoo.ycsb.generator.TestRandomDiscreteTimestampGenerator"/>
  <testcase name="tooLarge" time="0.066" classname="com.yahoo.ycsb.generator.TestRandomDiscreteTimestampGenerator"/>
</testsuite>
